<?xml version="1.0" encoding="UTF-8"?>
<testng-results skipped="0" failed="0" ignored="0" total="2" passed="2">
  <reporter-output>
  </reporter-output>
  <suite name="Default suite" duration-ms="97" started-at="2021-10-09T14:04:04 IST" finished-at="2021-10-09T14:04:04 IST">
    <groups>
    </groups>
    <test name="Default test" duration-ms="97" started-at="2021-10-09T14:04:04 IST" finished-at="2021-10-09T14:04:04 IST">
      <class name="mavenProfiling.TestngPractise2.WebTest">
        <test-method status="PASS" signature="webTestScenario1()[pri:0, instance:mavenProfiling.TestngPractise2.WebTest@5a8806ef]" name="webTestScenario1" duration-ms="11" started-at="2021-10-09T14:04:04 IST" finished-at="2021-10-09T14:04:04 IST">
          <reporter-output>
          </reporter-output>
        </test-method> <!-- webTestScenario1 -->
        <test-method status="PASS" signature="webTestScenario2()[pri:0, instance:mavenProfiling.TestngPractise2.WebTest@5a8806ef]" name="webTestScenario2" duration-ms="2" started-at="2021-10-09T14:04:04 IST" finished-at="2021-10-09T14:04:04 IST">
          <reporter-output>
          </reporter-output>
        </test-method> <!-- webTestScenario2 -->
      </class> <!-- mavenProfiling.TestngPractise2.WebTest -->
    </test> <!-- Default test -->
  </suite> <!-- Default suite -->
</testng-results>
