<?xml version="1.0" encoding="UTF-8"?>
<testng-results skipped="0" failed="0" ignored="0" total="1" passed="1">
  <reporter-output>
  </reporter-output>
  <suite name="Suite" duration-ms="80" started-at="2021-10-09T16:43:29 IST" finished-at="2021-10-09T16:43:29 IST">
    <groups>
    </groups>
    <test name="Test" duration-ms="80" started-at="2021-10-09T16:43:29 IST" finished-at="2021-10-09T16:43:29 IST">
      <class name="testpackage.TestClass">
        <test-method status="PASS" signature="testmethod()[pri:0, instance:testpackage.TestClass@39c0f4a]" name="testmethod" duration-ms="5" started-at="2021-10-09T16:43:29 IST" finished-at="2021-10-09T16:43:29 IST">
          <reporter-output>
          </reporter-output>
        </test-method> <!-- testmethod -->
      </class> <!-- testpackage.TestClass -->
    </test> <!-- Test -->
  </suite> <!-- Suite -->
</testng-results>
